<?xml version="1.0" encoding="UTF-8"?>
<testsuites name="New Test Suite Collection" time="193.265" tests="5" failures="0" errors="0">
   <testsuite name="Login" tests="3" failures="0" errors="0" time="187.8" skipped="0" timestamp="10-05-2024T17:40:21" hostname="momoussaoui - CAW2204108.ca.deloitte.com" id="Test Suites/Login">
      <properties>
[...]
</properties>
      <testcase name="Test Cases/Web_tests/Login" time="65.197" classname="Test Cases/Web_tests/Login" status="PASSED">
         <system-out><![CDATA[10-05-2024T17:40:21 - [TEST_CASE][PASSED] - Test Cases/Web_tests/Login: Test Cases/Web_tests/Login

10-05-2024T17:40:22 - [TEST_STEP][PASSED] - openBrowser(""): Browser is opened with url: ''

10-05-2024T17:40:22 - [MESSAGE][INFO] - User set preference: ['os', 'windows']

10-05-2024T17:40:22 - [MESSAGE][INFO] - User set preference: ['browserName', 'chrome']

10-05-2024T17:40:22 - [MESSAGE][INFO] - User set preference: ['browserVersion', '122']

10-05-2024T17:40:22 - [MESSAGE][INFO] - User set preference: ['katalon:option', '{organizationId=134738, tunnelId=, usingTunnel=false}']

10-05-2024T17:40:22 - [MESSAGE][INFO] - Connecting to remote web server 'testcloud.katalon.com/hub' with type 'Selenium'

10-05-2024T17:40:22 - [MESSAGE][INFO] - Action delay is set to 0 milliseconds

10-05-2024T17:41:12 - [MESSAGE][PASSED] - Browser is opened with url: ''

10-05-2024T17:41:12 - [TEST_STEP][PASSED] - navigateToUrl("https://katalon-demo-cura.herokuapp.com/"): Navigate to 'https://katalon-demo-cura.herokuapp.com/' successfully

10-05-2024T17:41:13 - [MESSAGE][PASSED] - Navigate to 'https://katalon-demo-cura.herokuapp.com/' successfully

10-05-2024T17:41:13 - [TEST_STEP][PASSED] - click(findTestObject("Object Repository/Page_CURA Healthcare Service/a_Make Appointment")): Object: 'Object Repository/Page_CURA Healthcare Service/a_Make Appointment' is clicked on

10-05-2024T17:41:15 - [MESSAGE][PASSED] - Object: 'Object Repository/Page_CURA Healthcare Service/a_Make Appointment' is clicked on

10-05-2024T17:41:15 - [TEST_STEP][PASSED] - setText(findTestObject("Object Repository/Page_CURA Healthcare Service/input_Username_username"), "John Doe"): Text 'John Doe' is set on object 'Object Repository/Page_CURA Healthcare Service/input_Username_username'

10-05-2024T17:41:18 - [MESSAGE][PASSED] - Text 'John Doe' is set on object 'Object Repository/Page_CURA Healthcare Service/input_Username_username'

10-05-2024T17:41:18 - [TEST_STEP][PASSED] - setEncryptedText(findTestObject("Object Repository/Page_CURA Healthcare Service/input_Password_password"), "g3/DOGG74jC3Flrr3yH+3D/yKbOqqUNM"): Text ****** has been set on object 'Object Repository/Page_CURA Healthcare Service/input_Password_password'

10-05-2024T17:41:20 - [MESSAGE][PASSED] - Text ****** has been set on object 'Object Repository/Page_CURA Healthcare Service/input_Password_password'

10-05-2024T17:41:20 - [TEST_STEP][PASSED] - click(findTestObject("Object Repository/Page_CURA Healthcare Service/button_Login")): Object: 'Object Repository/Page_CURA Healthcare Service/button_Login' is clicked on

10-05-2024T17:41:22 - [MESSAGE][PASSED] - Object: 'Object Repository/Page_CURA Healthcare Service/button_Login' is clicked on

10-05-2024T17:41:22 - [TEST_STEP][PASSED] - click(findTestObject("Object Repository/Page_CURA Healthcare Service/h2_Make Appointment")): Object: 'Object Repository/Page_CURA Healthcare Service/h2_Make Appointment' is clicked on

10-05-2024T17:41:24 - [MESSAGE][PASSED] - Object: 'Object Repository/Page_CURA Healthcare Service/h2_Make Appointment' is clicked on

10-05-2024T17:41:24 - [TEST_STEP][PASSED] - verifyElementVisible(findTestObject("Object Repository/Page_CURA Healthcare Service/h2_Make Appointment")): Object 'Object Repository/Page_CURA Healthcare Service/h2_Make Appointment' is visible

10-05-2024T17:41:25 - [MESSAGE][PASSED] - Object 'Object Repository/Page_CURA Healthcare Service/h2_Make Appointment' is visible

10-05-2024T17:41:25 - [TEST_STEP][PASSED] - closeBrowser(): Browser is closed

10-05-2024T17:41:26 - [MESSAGE][PASSED] - Browser is closed]]></system-out>
         <system-err><![CDATA[]]></system-err>
      </testcase>
      <testcase name="Test Cases/Web_tests/LoginFail_Pwd" time="77.417" classname="Test Cases/Web_tests/LoginFail_Pwd" status="PASSED">
         <system-out><![CDATA[10-05-2024T17:41:26 - [TEST_CASE][PASSED] - Test Cases/Web_tests/LoginFail_Pwd: Test Cases/Web_tests/LoginFail_Pwd

10-05-2024T17:41:26 - [TEST_STEP][PASSED] - openBrowser(""): Browser is opened with url: ''

10-05-2024T17:41:26 - [MESSAGE][INFO] - User set preference: ['os', 'windows']

10-05-2024T17:41:26 - [MESSAGE][INFO] - User set preference: ['browserName', 'chrome']

10-05-2024T17:41:26 - [MESSAGE][INFO] - User set preference: ['browserVersion', '122']

10-05-2024T17:41:26 - [MESSAGE][INFO] - User set preference: ['katalon:option', '{organizationId=134738, tunnelId=, usingTunnel=false}']

10-05-2024T17:41:26 - [MESSAGE][INFO] - Connecting to remote web server 'testcloud.katalon.com/hub' with type 'Selenium'

10-05-2024T17:41:26 - [MESSAGE][INFO] - Action delay is set to 0 milliseconds

10-05-2024T17:42:30 - [MESSAGE][PASSED] - Browser is opened with url: ''

10-05-2024T17:42:30 - [TEST_STEP][PASSED] - navigateToUrl("https://katalon-demo-cura.herokuapp.com/"): Navigate to 'https://katalon-demo-cura.herokuapp.com/' successfully

10-05-2024T17:42:31 - [MESSAGE][PASSED] - Navigate to 'https://katalon-demo-cura.herokuapp.com/' successfully

10-05-2024T17:42:31 - [TEST_STEP][PASSED] - click(findTestObject("Object Repository/Page_CURA Healthcare Service/a_Make Appointment")): Object: 'Object Repository/Page_CURA Healthcare Service/a_Make Appointment' is clicked on

10-05-2024T17:42:33 - [MESSAGE][PASSED] - Object: 'Object Repository/Page_CURA Healthcare Service/a_Make Appointment' is clicked on

10-05-2024T17:42:33 - [TEST_STEP][PASSED] - setText(findTestObject("Object Repository/Page_CURA Healthcare Service/input_Username_username"), "John Doe"): Text 'John Doe' is set on object 'Object Repository/Page_CURA Healthcare Service/input_Username_username'

10-05-2024T17:42:35 - [MESSAGE][PASSED] - Text 'John Doe' is set on object 'Object Repository/Page_CURA Healthcare Service/input_Username_username'

10-05-2024T17:42:35 - [TEST_STEP][PASSED] - setEncryptedText(findTestObject("Object Repository/Page_CURA Healthcare Service/input_Password_password"), "b/98lgFmTtuLvynNFOQHnA=="): Text ****** has been set on object 'Object Repository/Page_CURA Healthcare Service/input_Password_password'

10-05-2024T17:42:37 - [MESSAGE][PASSED] - Text ****** has been set on object 'Object Repository/Page_CURA Healthcare Service/input_Password_password'

10-05-2024T17:42:37 - [TEST_STEP][PASSED] - click(findTestObject("Object Repository/Page_CURA Healthcare Service/button_Login")): Object: 'Object Repository/Page_CURA Healthcare Service/button_Login' is clicked on

10-05-2024T17:42:39 - [MESSAGE][PASSED] - Object: 'Object Repository/Page_CURA Healthcare Service/button_Login' is clicked on

10-05-2024T17:42:39 - [TEST_STEP][PASSED] - click(findTestObject("Object Repository/Page_CURA Healthcare Service/div_Login                Please login to ma_d0c010")): Object: 'Object Repository/Page_CURA Healthcare Service/div_Login                Please login to ma_d0c010' is clicked on

10-05-2024T17:42:41 - [MESSAGE][PASSED] - Object: 'Object Repository/Page_CURA Healthcare Service/div_Login                Please login to ma_d0c010' is clicked on

10-05-2024T17:42:41 - [TEST_STEP][PASSED] - verifyElementVisible(findTestObject("Object Repository/Page_CURA Healthcare Service/p_Login failed Please ensure the username a_eb55b5")): Object 'Object Repository/Page_CURA Healthcare Service/p_Login failed Please ensure the username a_eb55b5' is visible

10-05-2024T17:42:43 - [MESSAGE][PASSED] - Object 'Object Repository/Page_CURA Healthcare Service/p_Login failed Please ensure the username a_eb55b5' is visible

10-05-2024T17:42:43 - [TEST_STEP][PASSED] - closeBrowser(): Browser is closed

10-05-2024T17:42:44 - [MESSAGE][PASSED] - Browser is closed]]></system-out>
         <system-err><![CDATA[]]></system-err>
      </testcase>
      <testcase name="Test Cases/Web_tests/LoginFail_User" time="44.961" classname="Test Cases/Web_tests/LoginFail_User" status="PASSED">
         <system-out><![CDATA[10-05-2024T17:42:44 - [TEST_CASE][PASSED] - Test Cases/Web_tests/LoginFail_User: Test Cases/Web_tests/LoginFail_User

10-05-2024T17:42:44 - [TEST_STEP][PASSED] - openBrowser(""): Browser is opened with url: ''

10-05-2024T17:42:44 - [MESSAGE][INFO] - User set preference: ['os', 'windows']

10-05-2024T17:42:44 - [MESSAGE][INFO] - User set preference: ['browserName', 'chrome']

10-05-2024T17:42:44 - [MESSAGE][INFO] - User set preference: ['browserVersion', '122']

10-05-2024T17:42:44 - [MESSAGE][INFO] - User set preference: ['katalon:option', '{organizationId=134738, tunnelId=, usingTunnel=false}']

10-05-2024T17:42:44 - [MESSAGE][INFO] - Connecting to remote web server 'testcloud.katalon.com/hub' with type 'Selenium'

10-05-2024T17:42:44 - [MESSAGE][INFO] - Action delay is set to 0 milliseconds

10-05-2024T17:43:15 - [MESSAGE][PASSED] - Browser is opened with url: ''

10-05-2024T17:43:15 - [TEST_STEP][PASSED] - navigateToUrl("https://katalon-demo-cura.herokuapp.com/"): Navigate to 'https://katalon-demo-cura.herokuapp.com/' successfully

10-05-2024T17:43:16 - [MESSAGE][PASSED] - Navigate to 'https://katalon-demo-cura.herokuapp.com/' successfully

10-05-2024T17:43:16 - [TEST_STEP][PASSED] - click(findTestObject("Object Repository/Page_CURA Healthcare Service/a_Make Appointment")): Object: 'Object Repository/Page_CURA Healthcare Service/a_Make Appointment' is clicked on

10-05-2024T17:43:18 - [MESSAGE][PASSED] - Object: 'Object Repository/Page_CURA Healthcare Service/a_Make Appointment' is clicked on

10-05-2024T17:43:18 - [TEST_STEP][PASSED] - setText(findTestObject("Object Repository/Page_CURA Healthcare Service/input_Username_username"), "mmo"): Text 'mmo' is set on object 'Object Repository/Page_CURA Healthcare Service/input_Username_username'

10-05-2024T17:43:20 - [MESSAGE][PASSED] - Text 'mmo' is set on object 'Object Repository/Page_CURA Healthcare Service/input_Username_username'

10-05-2024T17:43:20 - [TEST_STEP][PASSED] - setEncryptedText(findTestObject("Object Repository/Page_CURA Healthcare Service/input_Password_password"), "g3/DOGG74jC3Flrr3yH+3D/yKbOqqUNM"): Text ****** has been set on object 'Object Repository/Page_CURA Healthcare Service/input_Password_password'

10-05-2024T17:43:23 - [MESSAGE][PASSED] - Text ****** has been set on object 'Object Repository/Page_CURA Healthcare Service/input_Password_password'

10-05-2024T17:43:23 - [TEST_STEP][PASSED] - click(findTestObject("Object Repository/Page_CURA Healthcare Service/button_Login")): Object: 'Object Repository/Page_CURA Healthcare Service/button_Login' is clicked on

10-05-2024T17:43:25 - [MESSAGE][PASSED] - Object: 'Object Repository/Page_CURA Healthcare Service/button_Login' is clicked on

10-05-2024T17:43:25 - [TEST_STEP][PASSED] - click(findTestObject("Object Repository/Page_CURA Healthcare Service/p_Login failed Please ensure the username a_eb55b5")): Object: 'Object Repository/Page_CURA Healthcare Service/p_Login failed Please ensure the username a_eb55b5' is clicked on

10-05-2024T17:43:26 - [MESSAGE][PASSED] - Object: 'Object Repository/Page_CURA Healthcare Service/p_Login failed Please ensure the username a_eb55b5' is clicked on

10-05-2024T17:43:26 - [TEST_STEP][PASSED] - verifyElementVisible(findTestObject("Object Repository/Page_CURA Healthcare Service/p_Login failed Please ensure the username a_eb55b5")): Object 'Object Repository/Page_CURA Healthcare Service/p_Login failed Please ensure the username a_eb55b5' is visible

10-05-2024T17:43:28 - [MESSAGE][PASSED] - Object 'Object Repository/Page_CURA Healthcare Service/p_Login failed Please ensure the username a_eb55b5' is visible

10-05-2024T17:43:28 - [TEST_STEP][PASSED] - closeBrowser(): Browser is closed

10-05-2024T17:43:29 - [MESSAGE][PASSED] - Browser is closed]]></system-out>
         <system-err><![CDATA[]]></system-err>
      </testcase>
      <system-out><![CDATA[10-05-2024T17:40:21 - [TEST_SUITE][PASSED] - Login: Test Cases/Web_tests/LoginFail_User]]></system-out>
      <system-err><![CDATA[]]></system-err>
   </testsuite>
   <testsuite name="MakeAnAppointment" tests="2" failures="0" errors="0" time="149.388" skipped="0" timestamp="10-05-2024T17:40:23" hostname="momoussaoui - CAW2204108.ca.deloitte.com" id="Test Suites/MakeAnAppointment">
      <properties>
[...]
</properties>
      <testcase name="Test Cases/Web_tests/MakeAnAppointment" time="61.265" classname="Test Cases/Web_tests/MakeAnAppointment" status="PASSED">
         <system-out><![CDATA[10-05-2024T17:40:23 - [TEST_CASE][PASSED] - Test Cases/Web_tests/MakeAnAppointment: Test Cases/Web_tests/MakeAnAppointment

10-05-2024T17:40:23 - [TEST_STEP][PASSED] - example.MyKeyWords.AppLogin(): example.MyKeyWords.AppLogin is PASSED

10-05-2024T17:40:24 - [MESSAGE][INFO] - User set preference: ['os', 'macos']

10-05-2024T17:40:24 - [MESSAGE][INFO] - User set preference: ['browserName', 'safari']

10-05-2024T17:40:24 - [MESSAGE][INFO] - User set preference: ['browserVersion', '17']

10-05-2024T17:40:24 - [MESSAGE][INFO] - User set preference: ['katalon:option', '{organizationId=134738, tunnelId=, usingTunnel=false}']

10-05-2024T17:40:24 - [MESSAGE][INFO] - Connecting to remote web server 'testcloud.katalon.com/hub' with type 'Selenium'

10-05-2024T17:40:24 - [MESSAGE][INFO] - Action delay is set to 0 milliseconds

10-05-2024T17:41:12 - [MESSAGE][PASSED] - Browser is opened with url: ''

10-05-2024T17:41:13 - [MESSAGE][PASSED] - Navigate to 'https://katalon-demo-cura.herokuapp.com/' successfully

10-05-2024T17:41:14 - [MESSAGE][PASSED] - Object: 'Object Repository/Page_CURA Healthcare Service/a_Make Appointment' is clicked on

10-05-2024T17:41:15 - [MESSAGE][PASSED] - Text 'John Doe' is set on object 'Object Repository/Page_CURA Healthcare Service/input_Username_username'

10-05-2024T17:41:16 - [MESSAGE][PASSED] - Text ****** has been set on object 'Object Repository/Page_CURA Healthcare Service/input_Password_password'

10-05-2024T17:41:17 - [MESSAGE][PASSED] - Object: 'Object Repository/Page_CURA Healthcare Service/button_Login' is clicked on

10-05-2024T17:41:17 - [MESSAGE][PASSED] - example.MyKeyWords.AppLogin is PASSED

10-05-2024T17:41:17 - [TEST_STEP][PASSED] - click(findTestObject("Object Repository/Page_CURA Healthcare Service/div_Visit Date (Required)_input-group-addon")): Object: 'Object Repository/Page_CURA Healthcare Service/div_Visit Date (Required)_input-group-addon' is clicked on

10-05-2024T17:41:18 - [MESSAGE][PASSED] - Object: 'Object Repository/Page_CURA Healthcare Service/div_Visit Date (Required)_input-group-addon' is clicked on

10-05-2024T17:41:18 - [TEST_STEP][PASSED] - click(findTestObject("Object Repository/Page_CURA Healthcare Service/td_29")): Object: 'Object Repository/Page_CURA Healthcare Service/td_29' is clicked on

10-05-2024T17:41:19 - [MESSAGE][PASSED] - Object: 'Object Repository/Page_CURA Healthcare Service/td_29' is clicked on

10-05-2024T17:41:19 - [TEST_STEP][PASSED] - setText(findTestObject("Object Repository/Page_CURA Healthcare Service/textarea_Comment_comment"), "rdv"): Text 'rdv' is set on object 'Object Repository/Page_CURA Healthcare Service/textarea_Comment_comment'

10-05-2024T17:41:21 - [MESSAGE][PASSED] - Text 'rdv' is set on object 'Object Repository/Page_CURA Healthcare Service/textarea_Comment_comment'

10-05-2024T17:41:21 - [TEST_STEP][PASSED] - click(findTestObject("Object Repository/Page_CURA Healthcare Service/button_Book Appointment")): Object: 'Object Repository/Page_CURA Healthcare Service/button_Book Appointment' is clicked on

10-05-2024T17:41:21 - [MESSAGE][PASSED] - Object: 'Object Repository/Page_CURA Healthcare Service/button_Book Appointment' is clicked on

10-05-2024T17:41:21 - [TEST_STEP][PASSED] - click(findTestObject("Object Repository/Page_CURA Healthcare Service/p_rdv")): Object: 'Object Repository/Page_CURA Healthcare Service/p_rdv' is clicked on

10-05-2024T17:41:22 - [MESSAGE][PASSED] - Object: 'Object Repository/Page_CURA Healthcare Service/p_rdv' is clicked on

10-05-2024T17:41:22 - [TEST_STEP][PASSED] - verifyElementVisible(findTestObject("Object Repository/Page_CURA Healthcare Service/p_Medicare")): Object 'Object Repository/Page_CURA Healthcare Service/p_Medicare' is visible

10-05-2024T17:41:23 - [MESSAGE][PASSED] - Object 'Object Repository/Page_CURA Healthcare Service/p_Medicare' is visible

10-05-2024T17:41:23 - [TEST_STEP][PASSED] - closeBrowser(): Browser is closed

10-05-2024T17:41:24 - [MESSAGE][PASSED] - Browser is closed]]></system-out>
         <system-err><![CDATA[]]></system-err>
      </testcase>
      <testcase name="Test Cases/Web_tests/Loop" time="87.941" classname="Test Cases/Web_tests/Loop" status="PASSED">
         <system-out><![CDATA[10-05-2024T17:41:24 - [TEST_CASE][PASSED] - Test Cases/Web_tests/Loop: Test Cases/Web_tests/Loop

10-05-2024T17:41:24 - [TEST_STEP][PASSED] - example.MyKeyWords.AppLogin(): example.MyKeyWords.AppLogin is PASSED

10-05-2024T17:41:24 - [MESSAGE][INFO] - User set preference: ['os', 'macos']

10-05-2024T17:41:24 - [MESSAGE][INFO] - User set preference: ['browserName', 'safari']

10-05-2024T17:41:24 - [MESSAGE][INFO] - User set preference: ['browserVersion', '17']

10-05-2024T17:41:24 - [MESSAGE][INFO] - User set preference: ['katalon:option', '{organizationId=134738, tunnelId=, usingTunnel=false}']

10-05-2024T17:41:24 - [MESSAGE][INFO] - Connecting to remote web server 'testcloud.katalon.com/hub' with type 'Selenium'

10-05-2024T17:41:24 - [MESSAGE][INFO] - Action delay is set to 0 milliseconds

10-05-2024T17:42:24 - [MESSAGE][PASSED] - Browser is opened with url: ''

10-05-2024T17:42:25 - [MESSAGE][PASSED] - Navigate to 'https://katalon-demo-cura.herokuapp.com/' successfully

10-05-2024T17:42:26 - [MESSAGE][PASSED] - Object: 'Object Repository/Page_CURA Healthcare Service/a_Make Appointment' is clicked on

10-05-2024T17:42:27 - [MESSAGE][PASSED] - Text 'John Doe' is set on object 'Object Repository/Page_CURA Healthcare Service/input_Username_username'

10-05-2024T17:42:28 - [MESSAGE][PASSED] - Text ****** has been set on object 'Object Repository/Page_CURA Healthcare Service/input_Password_password'

10-05-2024T17:42:29 - [MESSAGE][PASSED] - Object: 'Object Repository/Page_CURA Healthcare Service/button_Login' is clicked on

10-05-2024T17:42:29 - [MESSAGE][PASSED] - example.MyKeyWords.AppLogin is PASSED

10-05-2024T17:42:29 - [TEST_STEP][PASSED] - for (def n : (0..2)): Object: 'Object Repository/Page_CURA Healthcare Service/p_Go to Homepage' is clicked on

10-05-2024T17:42:29 - [TEST_STEP][PASSED] - if (n == 0): Object: 'Object Repository/Page_CURA Healthcare Service/label_Medicaid' is clicked on

10-05-2024T17:42:29 - [TEST_STEP][PASSED] - click(findTestObject("Page_CURA Healthcare Service/label_Medicaid")): Object: 'Object Repository/Page_CURA Healthcare Service/label_Medicaid' is clicked on

10-05-2024T17:42:30 - [MESSAGE][PASSED] - Object: 'Object Repository/Page_CURA Healthcare Service/label_Medicaid' is clicked on

10-05-2024T17:42:30 - [TEST_STEP][PASSED] - click(findTestObject("Object Repository/Page_CURA Healthcare Service/div_Visit Date (Required)_input-group-addon")): Object: 'Object Repository/Page_CURA Healthcare Service/div_Visit Date (Required)_input-group-addon' is clicked on

10-05-2024T17:42:31 - [MESSAGE][PASSED] - Object: 'Object Repository/Page_CURA Healthcare Service/div_Visit Date (Required)_input-group-addon' is clicked on

10-05-2024T17:42:31 - [TEST_STEP][PASSED] - click(findTestObject("Object Repository/Page_CURA Healthcare Service/td_29")): Object: 'Object Repository/Page_CURA Healthcare Service/td_29' is clicked on

10-05-2024T17:42:31 - [MESSAGE][PASSED] - Object: 'Object Repository/Page_CURA Healthcare Service/td_29' is clicked on

10-05-2024T17:42:31 - [TEST_STEP][PASSED] - setText(findTestObject("Object Repository/Page_CURA Healthcare Service/textarea_Comment_comment"), "rdv"): Text 'rdv' is set on object 'Object Repository/Page_CURA Healthcare Service/textarea_Comment_comment'

10-05-2024T17:42:33 - [MESSAGE][PASSED] - Text 'rdv' is set on object 'Object Repository/Page_CURA Healthcare Service/textarea_Comment_comment'

10-05-2024T17:42:33 - [TEST_STEP][PASSED] - click(findTestObject("Object Repository/Page_CURA Healthcare Service/button_Book Appointment")): Object: 'Object Repository/Page_CURA Healthcare Service/button_Book Appointment' is clicked on

10-05-2024T17:42:34 - [MESSAGE][PASSED] - Object: 'Object Repository/Page_CURA Healthcare Service/button_Book Appointment' is clicked on

10-05-2024T17:42:34 - [TEST_STEP][PASSED] - click(findTestObject("Object Repository/Page_CURA Healthcare Service/p_rdv")): Object: 'Object Repository/Page_CURA Healthcare Service/p_rdv' is clicked on

10-05-2024T17:42:35 - [MESSAGE][PASSED] - Object: 'Object Repository/Page_CURA Healthcare Service/p_rdv' is clicked on

10-05-2024T17:42:35 - [TEST_STEP][PASSED] - verifyElementVisible(findTestObject("Object Repository/Page_CURA Healthcare Service/p_Medicare")): Object 'Object Repository/Page_CURA Healthcare Service/p_Medicare' is visible

10-05-2024T17:42:36 - [MESSAGE][PASSED] - Object 'Object Repository/Page_CURA Healthcare Service/p_Medicare' is visible

10-05-2024T17:42:36 - [TEST_STEP][PASSED] - click(findTestObject("Page_CURA Healthcare Service/p_Go to Homepage")): Object: 'Object Repository/Page_CURA Healthcare Service/p_Go to Homepage' is clicked on

10-05-2024T17:42:37 - [MESSAGE][PASSED] - Object: 'Object Repository/Page_CURA Healthcare Service/p_Go to Homepage' is clicked on

10-05-2024T17:42:37 - [TEST_STEP][PASSED] - if (n == 0): null

10-05-2024T17:42:37 - [TEST_STEP][PASSED] - else if (n == 1): Object: 'Object Repository/Page_CURA Healthcare Service/label_Medicare' is clicked on

10-05-2024T17:42:37 - [TEST_STEP][PASSED] - click(findTestObject("Page_CURA Healthcare Service/label_Medicare")): Object: 'Object Repository/Page_CURA Healthcare Service/label_Medicare' is clicked on

10-05-2024T17:42:37 - [MESSAGE][PASSED] - Object: 'Object Repository/Page_CURA Healthcare Service/label_Medicare' is clicked on

10-05-2024T17:42:37 - [TEST_STEP][PASSED] - click(findTestObject("Object Repository/Page_CURA Healthcare Service/div_Visit Date (Required)_input-group-addon")): Object: 'Object Repository/Page_CURA Healthcare Service/div_Visit Date (Required)_input-group-addon' is clicked on

10-05-2024T17:42:38 - [MESSAGE][PASSED] - Object: 'Object Repository/Page_CURA Healthcare Service/div_Visit Date (Required)_input-group-addon' is clicked on

10-05-2024T17:42:38 - [TEST_STEP][PASSED] - click(findTestObject("Object Repository/Page_CURA Healthcare Service/td_29")): Object: 'Object Repository/Page_CURA Healthcare Service/td_29' is clicked on

10-05-2024T17:42:39 - [MESSAGE][PASSED] - Object: 'Object Repository/Page_CURA Healthcare Service/td_29' is clicked on

10-05-2024T17:42:39 - [TEST_STEP][PASSED] - setText(findTestObject("Object Repository/Page_CURA Healthcare Service/textarea_Comment_comment"), "rdv"): Text 'rdv' is set on object 'Object Repository/Page_CURA Healthcare Service/textarea_Comment_comment'

10-05-2024T17:42:41 - [MESSAGE][PASSED] - Text 'rdv' is set on object 'Object Repository/Page_CURA Healthcare Service/textarea_Comment_comment'

10-05-2024T17:42:41 - [TEST_STEP][PASSED] - click(findTestObject("Object Repository/Page_CURA Healthcare Service/button_Book Appointment")): Object: 'Object Repository/Page_CURA Healthcare Service/button_Book Appointment' is clicked on

10-05-2024T17:42:42 - [MESSAGE][PASSED] - Object: 'Object Repository/Page_CURA Healthcare Service/button_Book Appointment' is clicked on

10-05-2024T17:42:42 - [TEST_STEP][PASSED] - click(findTestObject("Object Repository/Page_CURA Healthcare Service/p_rdv")): Object: 'Object Repository/Page_CURA Healthcare Service/p_rdv' is clicked on

10-05-2024T17:42:43 - [MESSAGE][PASSED] - Object: 'Object Repository/Page_CURA Healthcare Service/p_rdv' is clicked on

10-05-2024T17:42:43 - [TEST_STEP][PASSED] - verifyElementVisible(findTestObject("Object Repository/Page_CURA Healthcare Service/p_Medicare")): Object 'Object Repository/Page_CURA Healthcare Service/p_Medicare' is visible

10-05-2024T17:42:43 - [MESSAGE][PASSED] - Object 'Object Repository/Page_CURA Healthcare Service/p_Medicare' is visible

10-05-2024T17:42:43 - [TEST_STEP][PASSED] - click(findTestObject("Page_CURA Healthcare Service/p_Go to Homepage")): Object: 'Object Repository/Page_CURA Healthcare Service/p_Go to Homepage' is clicked on

10-05-2024T17:42:44 - [MESSAGE][PASSED] - Object: 'Object Repository/Page_CURA Healthcare Service/p_Go to Homepage' is clicked on

10-05-2024T17:42:44 - [TEST_STEP][PASSED] - if (n == 0): null

10-05-2024T17:42:44 - [TEST_STEP][PASSED] - else if (n == 1): null

10-05-2024T17:42:44 - [TEST_STEP][PASSED] - else: Object: 'Object Repository/Page_CURA Healthcare Service/label_None' is clicked on

10-05-2024T17:42:44 - [TEST_STEP][PASSED] - click(findTestObject("Page_CURA Healthcare Service/label_None")): Object: 'Object Repository/Page_CURA Healthcare Service/label_None' is clicked on

10-05-2024T17:42:45 - [MESSAGE][PASSED] - Object: 'Object Repository/Page_CURA Healthcare Service/label_None' is clicked on

10-05-2024T17:42:45 - [TEST_STEP][PASSED] - click(findTestObject("Object Repository/Page_CURA Healthcare Service/div_Visit Date (Required)_input-group-addon")): Object: 'Object Repository/Page_CURA Healthcare Service/div_Visit Date (Required)_input-group-addon' is clicked on

10-05-2024T17:42:45 - [MESSAGE][PASSED] - Object: 'Object Repository/Page_CURA Healthcare Service/div_Visit Date (Required)_input-group-addon' is clicked on

10-05-2024T17:42:45 - [TEST_STEP][PASSED] - click(findTestObject("Object Repository/Page_CURA Healthcare Service/td_29")): Object: 'Object Repository/Page_CURA Healthcare Service/td_29' is clicked on

10-05-2024T17:42:46 - [MESSAGE][PASSED] - Object: 'Object Repository/Page_CURA Healthcare Service/td_29' is clicked on

10-05-2024T17:42:46 - [TEST_STEP][PASSED] - setText(findTestObject("Object Repository/Page_CURA Healthcare Service/textarea_Comment_comment"), "rdv"): Text 'rdv' is set on object 'Object Repository/Page_CURA Healthcare Service/textarea_Comment_comment'

10-05-2024T17:42:48 - [MESSAGE][PASSED] - Text 'rdv' is set on object 'Object Repository/Page_CURA Healthcare Service/textarea_Comment_comment'

10-05-2024T17:42:48 - [TEST_STEP][PASSED] - click(findTestObject("Object Repository/Page_CURA Healthcare Service/button_Book Appointment")): Object: 'Object Repository/Page_CURA Healthcare Service/button_Book Appointment' is clicked on

10-05-2024T17:42:49 - [MESSAGE][PASSED] - Object: 'Object Repository/Page_CURA Healthcare Service/button_Book Appointment' is clicked on

10-05-2024T17:42:49 - [TEST_STEP][PASSED] - click(findTestObject("Object Repository/Page_CURA Healthcare Service/p_rdv")): Object: 'Object Repository/Page_CURA Healthcare Service/p_rdv' is clicked on

10-05-2024T17:42:50 - [MESSAGE][PASSED] - Object: 'Object Repository/Page_CURA Healthcare Service/p_rdv' is clicked on

10-05-2024T17:42:50 - [TEST_STEP][PASSED] - verifyElementVisible(findTestObject("Object Repository/Page_CURA Healthcare Service/p_Medicare")): Object 'Object Repository/Page_CURA Healthcare Service/p_Medicare' is visible

10-05-2024T17:42:50 - [MESSAGE][PASSED] - Object 'Object Repository/Page_CURA Healthcare Service/p_Medicare' is visible

10-05-2024T17:42:50 - [TEST_STEP][PASSED] - click(findTestObject("Page_CURA Healthcare Service/p_Go to Homepage")): Object: 'Object Repository/Page_CURA Healthcare Service/p_Go to Homepage' is clicked on

10-05-2024T17:42:51 - [MESSAGE][PASSED] - Object: 'Object Repository/Page_CURA Healthcare Service/p_Go to Homepage' is clicked on

10-05-2024T17:42:51 - [TEST_STEP][PASSED] - closeBrowser(): Browser is closed

10-05-2024T17:42:52 - [MESSAGE][PASSED] - Browser is closed]]></system-out>
         <system-err><![CDATA[]]></system-err>
      </testcase>
      <system-out><![CDATA[10-05-2024T17:40:23 - [TEST_SUITE][PASSED] - MakeAnAppointment: Test Cases/Web_tests/Loop]]></system-out>
      <system-err><![CDATA[]]></system-err>
   </testsuite>
</testsuites>
