<?xml version="1.0" encoding="UTF-8"?>
<testsuites name="MakeAnAppointment" time="118.69" tests="2" failures="0" errors="0">
   <testsuite name="MakeAnAppointment" tests="2" failures="0" errors="0" time="118.69" skipped="0" timestamp="11-04-2024T09:45:36" hostname="momoussaoui - CAW2107151.ca.deloitte.com" id="Test Suites/MakeAnAppointment">
      <properties>
[...]
</properties>
      <testcase name="Test Cases/MakeAnAppointment" time="46.648" classname="Test Cases/MakeAnAppointment" status="PASSED">
         <system-out><![CDATA[11-04-2024T09:45:37 - [TEST_CASE][PASSED] - Test Cases/MakeAnAppointment: Test Cases/MakeAnAppointment

11-04-2024T09:45:37 - [TEST_STEP][PASSED] - example.MyKeyWords.AppLogin(): example.MyKeyWords.AppLogin is PASSED

11-04-2024T09:45:38 - [MESSAGE][INFO] - User set preference: ['os', 'windows']

11-04-2024T09:45:38 - [MESSAGE][INFO] - User set preference: ['browserName', 'chrome']

11-04-2024T09:45:38 - [MESSAGE][INFO] - User set preference: ['browserVersion', '122']

11-04-2024T09:45:38 - [MESSAGE][INFO] - User set preference: ['katalon:option', '{organizationId=134738, tunnelId=, usingTunnel=false}']

11-04-2024T09:45:38 - [MESSAGE][INFO] - Connecting to remote web server 'testcloud.katalon.com/hub' with type 'Selenium'

11-04-2024T09:45:38 - [MESSAGE][INFO] - Action delay is set to 0 milliseconds

11-04-2024T09:46:00 - [MESSAGE][PASSED] - Browser is opened with url: ''

11-04-2024T09:46:01 - [MESSAGE][PASSED] - Navigate to 'https://katalon-demo-cura.herokuapp.com/' successfully

11-04-2024T09:46:03 - [MESSAGE][PASSED] - Object: 'Object Repository/Page_CURA Healthcare Service/a_Make Appointment' is clicked on

11-04-2024T09:46:06 - [MESSAGE][PASSED] - Text 'John Doe' is set on object 'Object Repository/Page_CURA Healthcare Service/input_Username_username'

11-04-2024T09:46:09 - [MESSAGE][PASSED] - Text ****** has been set on object 'Object Repository/Page_CURA Healthcare Service/input_Password_password'

11-04-2024T09:46:11 - [MESSAGE][PASSED] - Object: 'Object Repository/Page_CURA Healthcare Service/button_Login' is clicked on

11-04-2024T09:46:11 - [MESSAGE][PASSED] - example.MyKeyWords.AppLogin is PASSED

11-04-2024T09:46:11 - [TEST_STEP][PASSED] - click(findTestObject("Object Repository/Page_CURA Healthcare Service/div_Visit Date (Required)_input-group-addon")): Object: 'Object Repository/Page_CURA Healthcare Service/div_Visit Date (Required)_input-group-addon' is clicked on

11-04-2024T09:46:13 - [MESSAGE][PASSED] - Object: 'Object Repository/Page_CURA Healthcare Service/div_Visit Date (Required)_input-group-addon' is clicked on

11-04-2024T09:46:13 - [TEST_STEP][PASSED] - click(findTestObject("Object Repository/Page_CURA Healthcare Service/td_29")): Object: 'Object Repository/Page_CURA Healthcare Service/td_29' is clicked on

11-04-2024T09:46:14 - [MESSAGE][PASSED] - Object: 'Object Repository/Page_CURA Healthcare Service/td_29' is clicked on

11-04-2024T09:46:14 - [TEST_STEP][PASSED] - setText(findTestObject("Object Repository/Page_CURA Healthcare Service/textarea_Comment_comment"), "rdv"): Text 'rdv' is set on object 'Object Repository/Page_CURA Healthcare Service/textarea_Comment_comment'

11-04-2024T09:46:17 - [MESSAGE][PASSED] - Text 'rdv' is set on object 'Object Repository/Page_CURA Healthcare Service/textarea_Comment_comment'

11-04-2024T09:46:17 - [TEST_STEP][PASSED] - click(findTestObject("Object Repository/Page_CURA Healthcare Service/button_Book Appointment")): Object: 'Object Repository/Page_CURA Healthcare Service/button_Book Appointment' is clicked on

11-04-2024T09:46:19 - [MESSAGE][PASSED] - Object: 'Object Repository/Page_CURA Healthcare Service/button_Book Appointment' is clicked on

11-04-2024T09:46:19 - [TEST_STEP][PASSED] - click(findTestObject("Object Repository/Page_CURA Healthcare Service/p_rdv")): Object: 'Object Repository/Page_CURA Healthcare Service/p_rdv' is clicked on

11-04-2024T09:46:21 - [MESSAGE][PASSED] - Object: 'Object Repository/Page_CURA Healthcare Service/p_rdv' is clicked on

11-04-2024T09:46:21 - [TEST_STEP][PASSED] - verifyElementVisible(findTestObject("Object Repository/Page_CURA Healthcare Service/p_Medicare")): Object 'Object Repository/Page_CURA Healthcare Service/p_Medicare' is visible

11-04-2024T09:46:22 - [MESSAGE][PASSED] - Object 'Object Repository/Page_CURA Healthcare Service/p_Medicare' is visible

11-04-2024T09:46:22 - [TEST_STEP][PASSED] - closeBrowser(): Browser is closed

11-04-2024T09:46:23 - [MESSAGE][PASSED] - Browser is closed]]></system-out>
         <system-err><![CDATA[]]></system-err>
      </testcase>
      <testcase name="Test Cases/Loop" time="71.715" classname="Test Cases/Loop" status="PASSED">
         <system-out><![CDATA[11-04-2024T09:46:23 - [TEST_CASE][PASSED] - Test Cases/Loop: Test Cases/Loop

11-04-2024T09:46:24 - [TEST_STEP][PASSED] - example.MyKeyWords.AppLogin(): example.MyKeyWords.AppLogin is PASSED

11-04-2024T09:46:24 - [MESSAGE][INFO] - User set preference: ['os', 'windows']

11-04-2024T09:46:24 - [MESSAGE][INFO] - User set preference: ['browserName', 'chrome']

11-04-2024T09:46:24 - [MESSAGE][INFO] - User set preference: ['browserVersion', '122']

11-04-2024T09:46:24 - [MESSAGE][INFO] - User set preference: ['katalon:option', '{organizationId=134738, tunnelId=, usingTunnel=false}']

11-04-2024T09:46:24 - [MESSAGE][INFO] - Connecting to remote web server 'testcloud.katalon.com/hub' with type 'Selenium'

11-04-2024T09:46:24 - [MESSAGE][INFO] - Action delay is set to 0 milliseconds

11-04-2024T09:46:42 - [MESSAGE][PASSED] - Browser is opened with url: ''

11-04-2024T09:46:43 - [MESSAGE][PASSED] - Navigate to 'https://katalon-demo-cura.herokuapp.com/' successfully

11-04-2024T09:46:45 - [MESSAGE][PASSED] - Object: 'Object Repository/Page_CURA Healthcare Service/a_Make Appointment' is clicked on

11-04-2024T09:46:49 - [MESSAGE][PASSED] - Text 'John Doe' is set on object 'Object Repository/Page_CURA Healthcare Service/input_Username_username'

11-04-2024T09:46:51 - [MESSAGE][PASSED] - Text ****** has been set on object 'Object Repository/Page_CURA Healthcare Service/input_Password_password'

11-04-2024T09:46:52 - [MESSAGE][PASSED] - Object: 'Object Repository/Page_CURA Healthcare Service/button_Login' is clicked on

11-04-2024T09:46:52 - [MESSAGE][PASSED] - example.MyKeyWords.AppLogin is PASSED

11-04-2024T09:46:52 - [TEST_STEP][PASSED] - for (def n : (0..2)): Object: 'Object Repository/Page_CURA Healthcare Service/p_Go to Homepage' is clicked on

11-04-2024T09:46:52 - [TEST_STEP][PASSED] - if (n == 0): Object: 'Object Repository/Page_CURA Healthcare Service/label_Medicaid' is clicked on

11-04-2024T09:46:52 - [TEST_STEP][PASSED] - click(findTestObject("Page_CURA Healthcare Service/label_Medicaid")): Object: 'Object Repository/Page_CURA Healthcare Service/label_Medicaid' is clicked on

11-04-2024T09:46:54 - [MESSAGE][PASSED] - Object: 'Object Repository/Page_CURA Healthcare Service/label_Medicaid' is clicked on

11-04-2024T09:46:54 - [TEST_STEP][PASSED] - click(findTestObject("Object Repository/Page_CURA Healthcare Service/div_Visit Date (Required)_input-group-addon")): Object: 'Object Repository/Page_CURA Healthcare Service/div_Visit Date (Required)_input-group-addon' is clicked on

11-04-2024T09:46:55 - [MESSAGE][PASSED] - Object: 'Object Repository/Page_CURA Healthcare Service/div_Visit Date (Required)_input-group-addon' is clicked on

11-04-2024T09:46:55 - [TEST_STEP][PASSED] - click(findTestObject("Object Repository/Page_CURA Healthcare Service/td_29")): Object: 'Object Repository/Page_CURA Healthcare Service/td_29' is clicked on

11-04-2024T09:46:57 - [MESSAGE][PASSED] - Object: 'Object Repository/Page_CURA Healthcare Service/td_29' is clicked on

11-04-2024T09:46:57 - [TEST_STEP][PASSED] - setText(findTestObject("Object Repository/Page_CURA Healthcare Service/textarea_Comment_comment"), "rdv"): Text 'rdv' is set on object 'Object Repository/Page_CURA Healthcare Service/textarea_Comment_comment'

11-04-2024T09:47:00 - [MESSAGE][PASSED] - Text 'rdv' is set on object 'Object Repository/Page_CURA Healthcare Service/textarea_Comment_comment'

11-04-2024T09:47:00 - [TEST_STEP][PASSED] - click(findTestObject("Object Repository/Page_CURA Healthcare Service/button_Book Appointment")): Object: 'Object Repository/Page_CURA Healthcare Service/button_Book Appointment' is clicked on

11-04-2024T09:47:02 - [MESSAGE][PASSED] - Object: 'Object Repository/Page_CURA Healthcare Service/button_Book Appointment' is clicked on

11-04-2024T09:47:02 - [TEST_STEP][PASSED] - click(findTestObject("Object Repository/Page_CURA Healthcare Service/p_rdv")): Object: 'Object Repository/Page_CURA Healthcare Service/p_rdv' is clicked on

11-04-2024T09:47:03 - [MESSAGE][PASSED] - Object: 'Object Repository/Page_CURA Healthcare Service/p_rdv' is clicked on

11-04-2024T09:47:03 - [TEST_STEP][PASSED] - verifyElementVisible(findTestObject("Object Repository/Page_CURA Healthcare Service/p_Medicare")): Object 'Object Repository/Page_CURA Healthcare Service/p_Medicare' is visible

11-04-2024T09:47:04 - [MESSAGE][PASSED] - Object 'Object Repository/Page_CURA Healthcare Service/p_Medicare' is visible

11-04-2024T09:47:04 - [TEST_STEP][PASSED] - click(findTestObject("Page_CURA Healthcare Service/p_Go to Homepage")): Object: 'Object Repository/Page_CURA Healthcare Service/p_Go to Homepage' is clicked on

11-04-2024T09:47:06 - [MESSAGE][PASSED] - Object: 'Object Repository/Page_CURA Healthcare Service/p_Go to Homepage' is clicked on

11-04-2024T09:47:06 - [TEST_STEP][PASSED] - if (n == 0): null

11-04-2024T09:47:06 - [TEST_STEP][PASSED] - else if (n == 1): Object: 'Object Repository/Page_CURA Healthcare Service/label_Medicare' is clicked on

11-04-2024T09:47:06 - [TEST_STEP][PASSED] - click(findTestObject("Page_CURA Healthcare Service/label_Medicare")): Object: 'Object Repository/Page_CURA Healthcare Service/label_Medicare' is clicked on

11-04-2024T09:47:07 - [MESSAGE][PASSED] - Object: 'Object Repository/Page_CURA Healthcare Service/label_Medicare' is clicked on

11-04-2024T09:47:07 - [TEST_STEP][PASSED] - click(findTestObject("Object Repository/Page_CURA Healthcare Service/div_Visit Date (Required)_input-group-addon")): Object: 'Object Repository/Page_CURA Healthcare Service/div_Visit Date (Required)_input-group-addon' is clicked on

11-04-2024T09:47:09 - [MESSAGE][PASSED] - Object: 'Object Repository/Page_CURA Healthcare Service/div_Visit Date (Required)_input-group-addon' is clicked on

11-04-2024T09:47:09 - [TEST_STEP][PASSED] - click(findTestObject("Object Repository/Page_CURA Healthcare Service/td_29")): Object: 'Object Repository/Page_CURA Healthcare Service/td_29' is clicked on

11-04-2024T09:47:11 - [MESSAGE][PASSED] - Object: 'Object Repository/Page_CURA Healthcare Service/td_29' is clicked on

11-04-2024T09:47:11 - [TEST_STEP][PASSED] - setText(findTestObject("Object Repository/Page_CURA Healthcare Service/textarea_Comment_comment"), "rdv"): Text 'rdv' is set on object 'Object Repository/Page_CURA Healthcare Service/textarea_Comment_comment'

11-04-2024T09:47:14 - [MESSAGE][PASSED] - Text 'rdv' is set on object 'Object Repository/Page_CURA Healthcare Service/textarea_Comment_comment'

11-04-2024T09:47:14 - [TEST_STEP][PASSED] - click(findTestObject("Object Repository/Page_CURA Healthcare Service/button_Book Appointment")): Object: 'Object Repository/Page_CURA Healthcare Service/button_Book Appointment' is clicked on

11-04-2024T09:47:16 - [MESSAGE][PASSED] - Object: 'Object Repository/Page_CURA Healthcare Service/button_Book Appointment' is clicked on

11-04-2024T09:47:16 - [TEST_STEP][PASSED] - click(findTestObject("Object Repository/Page_CURA Healthcare Service/p_rdv")): Object: 'Object Repository/Page_CURA Healthcare Service/p_rdv' is clicked on

11-04-2024T09:47:17 - [MESSAGE][PASSED] - Object: 'Object Repository/Page_CURA Healthcare Service/p_rdv' is clicked on

11-04-2024T09:47:17 - [TEST_STEP][PASSED] - verifyElementVisible(findTestObject("Object Repository/Page_CURA Healthcare Service/p_Medicare")): Object 'Object Repository/Page_CURA Healthcare Service/p_Medicare' is visible

11-04-2024T09:47:19 - [MESSAGE][PASSED] - Object 'Object Repository/Page_CURA Healthcare Service/p_Medicare' is visible

11-04-2024T09:47:19 - [TEST_STEP][PASSED] - click(findTestObject("Page_CURA Healthcare Service/p_Go to Homepage")): Object: 'Object Repository/Page_CURA Healthcare Service/p_Go to Homepage' is clicked on

11-04-2024T09:47:20 - [MESSAGE][PASSED] - Object: 'Object Repository/Page_CURA Healthcare Service/p_Go to Homepage' is clicked on

11-04-2024T09:47:20 - [TEST_STEP][PASSED] - if (n == 0): null

11-04-2024T09:47:20 - [TEST_STEP][PASSED] - else if (n == 1): null

11-04-2024T09:47:20 - [TEST_STEP][PASSED] - else: Object: 'Object Repository/Page_CURA Healthcare Service/label_None' is clicked on

11-04-2024T09:47:20 - [TEST_STEP][PASSED] - click(findTestObject("Page_CURA Healthcare Service/label_None")): Object: 'Object Repository/Page_CURA Healthcare Service/label_None' is clicked on

11-04-2024T09:47:22 - [MESSAGE][PASSED] - Object: 'Object Repository/Page_CURA Healthcare Service/label_None' is clicked on

11-04-2024T09:47:22 - [TEST_STEP][PASSED] - click(findTestObject("Object Repository/Page_CURA Healthcare Service/div_Visit Date (Required)_input-group-addon")): Object: 'Object Repository/Page_CURA Healthcare Service/div_Visit Date (Required)_input-group-addon' is clicked on

11-04-2024T09:47:23 - [MESSAGE][PASSED] - Object: 'Object Repository/Page_CURA Healthcare Service/div_Visit Date (Required)_input-group-addon' is clicked on

11-04-2024T09:47:23 - [TEST_STEP][PASSED] - click(findTestObject("Object Repository/Page_CURA Healthcare Service/td_29")): Object: 'Object Repository/Page_CURA Healthcare Service/td_29' is clicked on

11-04-2024T09:47:24 - [MESSAGE][PASSED] - Object: 'Object Repository/Page_CURA Healthcare Service/td_29' is clicked on

11-04-2024T09:47:24 - [TEST_STEP][PASSED] - setText(findTestObject("Object Repository/Page_CURA Healthcare Service/textarea_Comment_comment"), "rdv"): Text 'rdv' is set on object 'Object Repository/Page_CURA Healthcare Service/textarea_Comment_comment'

11-04-2024T09:47:28 - [MESSAGE][PASSED] - Text 'rdv' is set on object 'Object Repository/Page_CURA Healthcare Service/textarea_Comment_comment'

11-04-2024T09:47:28 - [TEST_STEP][PASSED] - click(findTestObject("Object Repository/Page_CURA Healthcare Service/button_Book Appointment")): Object: 'Object Repository/Page_CURA Healthcare Service/button_Book Appointment' is clicked on

11-04-2024T09:47:30 - [MESSAGE][PASSED] - Object: 'Object Repository/Page_CURA Healthcare Service/button_Book Appointment' is clicked on

11-04-2024T09:47:30 - [TEST_STEP][PASSED] - click(findTestObject("Object Repository/Page_CURA Healthcare Service/p_rdv")): Object: 'Object Repository/Page_CURA Healthcare Service/p_rdv' is clicked on

11-04-2024T09:47:31 - [MESSAGE][PASSED] - Object: 'Object Repository/Page_CURA Healthcare Service/p_rdv' is clicked on

11-04-2024T09:47:31 - [TEST_STEP][PASSED] - verifyElementVisible(findTestObject("Object Repository/Page_CURA Healthcare Service/p_Medicare")): Object 'Object Repository/Page_CURA Healthcare Service/p_Medicare' is visible

11-04-2024T09:47:33 - [MESSAGE][PASSED] - Object 'Object Repository/Page_CURA Healthcare Service/p_Medicare' is visible

11-04-2024T09:47:33 - [TEST_STEP][PASSED] - click(findTestObject("Page_CURA Healthcare Service/p_Go to Homepage")): Object: 'Object Repository/Page_CURA Healthcare Service/p_Go to Homepage' is clicked on

11-04-2024T09:47:34 - [MESSAGE][PASSED] - Object: 'Object Repository/Page_CURA Healthcare Service/p_Go to Homepage' is clicked on

11-04-2024T09:47:34 - [TEST_STEP][PASSED] - closeBrowser(): Browser is closed

11-04-2024T09:47:35 - [MESSAGE][PASSED] - Browser is closed]]></system-out>
         <system-err><![CDATA[]]></system-err>
      </testcase>
      <system-out><![CDATA[11-04-2024T09:45:36 - [TEST_SUITE][PASSED] - MakeAnAppointment: Test Cases/Loop]]></system-out>
      <system-err><![CDATA[]]></system-err>
   </testsuite>
</testsuites>
