<?xml version="1.0" encoding="UTF-8"?>
<testsuites name="New Test Suite Collection" time="196.593" tests="5" failures="0" errors="0">
   <testsuite name="Login" tests="3" failures="0" errors="0" time="191.128" skipped="0" timestamp="10-05-2024T17:40:06" hostname="momoussaoui - CAW2204108.ca.deloitte.com" id="Test Suites/Login">
      <properties>
[...]
</properties>
      <testcase name="Test Cases/Web_tests/Login" time="44.061" classname="Test Cases/Web_tests/Login" status="PASSED">
         <system-out><![CDATA[10-05-2024T17:40:06 - [TEST_CASE][PASSED] - Test Cases/Web_tests/Login: Test Cases/Web_tests/Login

10-05-2024T17:40:07 - [TEST_STEP][PASSED] - openBrowser(""): Browser is opened with url: ''

10-05-2024T17:40:07 - [MESSAGE][INFO] - User set preference: ['os', 'windows']

10-05-2024T17:40:07 - [MESSAGE][INFO] - User set preference: ['browserName', 'chrome']

10-05-2024T17:40:07 - [MESSAGE][INFO] - User set preference: ['browserVersion', '122']

10-05-2024T17:40:07 - [MESSAGE][INFO] - User set preference: ['katalon:option', '{organizationId=134738, tunnelId=, usingTunnel=false}']

10-05-2024T17:40:07 - [MESSAGE][INFO] - Connecting to remote web server 'testcloud.katalon.com/hub' with type 'Selenium'

10-05-2024T17:40:07 - [MESSAGE][INFO] - Action delay is set to 0 milliseconds

10-05-2024T17:40:36 - [MESSAGE][PASSED] - Browser is opened with url: ''

10-05-2024T17:40:36 - [TEST_STEP][PASSED] - navigateToUrl("https://katalon-demo-cura.herokuapp.com/"): Navigate to 'https://katalon-demo-cura.herokuapp.com/' successfully

10-05-2024T17:40:37 - [MESSAGE][PASSED] - Navigate to 'https://katalon-demo-cura.herokuapp.com/' successfully

10-05-2024T17:40:37 - [TEST_STEP][PASSED] - click(findTestObject("Object Repository/Page_CURA Healthcare Service/a_Make Appointment")): Object: 'Object Repository/Page_CURA Healthcare Service/a_Make Appointment' is clicked on

10-05-2024T17:40:39 - [MESSAGE][PASSED] - Object: 'Object Repository/Page_CURA Healthcare Service/a_Make Appointment' is clicked on

10-05-2024T17:40:39 - [TEST_STEP][PASSED] - setText(findTestObject("Object Repository/Page_CURA Healthcare Service/input_Username_username"), "John Doe"): Text 'John Doe' is set on object 'Object Repository/Page_CURA Healthcare Service/input_Username_username'

10-05-2024T17:40:42 - [MESSAGE][PASSED] - Text 'John Doe' is set on object 'Object Repository/Page_CURA Healthcare Service/input_Username_username'

10-05-2024T17:40:42 - [TEST_STEP][PASSED] - setEncryptedText(findTestObject("Object Repository/Page_CURA Healthcare Service/input_Password_password"), "g3/DOGG74jC3Flrr3yH+3D/yKbOqqUNM"): Text ****** has been set on object 'Object Repository/Page_CURA Healthcare Service/input_Password_password'

10-05-2024T17:40:44 - [MESSAGE][PASSED] - Text ****** has been set on object 'Object Repository/Page_CURA Healthcare Service/input_Password_password'

10-05-2024T17:40:44 - [TEST_STEP][PASSED] - click(findTestObject("Object Repository/Page_CURA Healthcare Service/button_Login")): Object: 'Object Repository/Page_CURA Healthcare Service/button_Login' is clicked on

10-05-2024T17:40:46 - [MESSAGE][PASSED] - Object: 'Object Repository/Page_CURA Healthcare Service/button_Login' is clicked on

10-05-2024T17:40:46 - [TEST_STEP][PASSED] - click(findTestObject("Object Repository/Page_CURA Healthcare Service/h2_Make Appointment")): Object: 'Object Repository/Page_CURA Healthcare Service/h2_Make Appointment' is clicked on

10-05-2024T17:40:48 - [MESSAGE][PASSED] - Object: 'Object Repository/Page_CURA Healthcare Service/h2_Make Appointment' is clicked on

10-05-2024T17:40:48 - [TEST_STEP][PASSED] - verifyElementVisible(findTestObject("Object Repository/Page_CURA Healthcare Service/h2_Make Appointment")): Object 'Object Repository/Page_CURA Healthcare Service/h2_Make Appointment' is visible

10-05-2024T17:40:49 - [MESSAGE][PASSED] - Object 'Object Repository/Page_CURA Healthcare Service/h2_Make Appointment' is visible

10-05-2024T17:40:49 - [TEST_STEP][PASSED] - closeBrowser(): Browser is closed

10-05-2024T17:40:50 - [MESSAGE][PASSED] - Browser is closed]]></system-out>
         <system-err><![CDATA[]]></system-err>
      </testcase>
      <testcase name="Test Cases/Web_tests/LoginFail_Pwd" time="72.134" classname="Test Cases/Web_tests/LoginFail_Pwd" status="PASSED">
         <system-out><![CDATA[10-05-2024T17:40:50 - [TEST_CASE][PASSED] - Test Cases/Web_tests/LoginFail_Pwd: Test Cases/Web_tests/LoginFail_Pwd

10-05-2024T17:40:50 - [TEST_STEP][PASSED] - openBrowser(""): Browser is opened with url: ''

10-05-2024T17:40:50 - [MESSAGE][INFO] - User set preference: ['os', 'windows']

10-05-2024T17:40:50 - [MESSAGE][INFO] - User set preference: ['browserName', 'chrome']

10-05-2024T17:40:50 - [MESSAGE][INFO] - User set preference: ['browserVersion', '122']

10-05-2024T17:40:50 - [MESSAGE][INFO] - User set preference: ['katalon:option', '{organizationId=134738, tunnelId=, usingTunnel=false}']

10-05-2024T17:40:50 - [MESSAGE][INFO] - Connecting to remote web server 'testcloud.katalon.com/hub' with type 'Selenium'

10-05-2024T17:40:50 - [MESSAGE][INFO] - Action delay is set to 0 milliseconds

10-05-2024T17:41:49 - [MESSAGE][PASSED] - Browser is opened with url: ''

10-05-2024T17:41:49 - [TEST_STEP][PASSED] - navigateToUrl("https://katalon-demo-cura.herokuapp.com/"): Navigate to 'https://katalon-demo-cura.herokuapp.com/' successfully

10-05-2024T17:41:50 - [MESSAGE][PASSED] - Navigate to 'https://katalon-demo-cura.herokuapp.com/' successfully

10-05-2024T17:41:50 - [TEST_STEP][PASSED] - click(findTestObject("Object Repository/Page_CURA Healthcare Service/a_Make Appointment")): Object: 'Object Repository/Page_CURA Healthcare Service/a_Make Appointment' is clicked on

10-05-2024T17:41:51 - [MESSAGE][PASSED] - Object: 'Object Repository/Page_CURA Healthcare Service/a_Make Appointment' is clicked on

10-05-2024T17:41:51 - [TEST_STEP][PASSED] - setText(findTestObject("Object Repository/Page_CURA Healthcare Service/input_Username_username"), "John Doe"): Text 'John Doe' is set on object 'Object Repository/Page_CURA Healthcare Service/input_Username_username'

10-05-2024T17:41:54 - [MESSAGE][PASSED] - Text 'John Doe' is set on object 'Object Repository/Page_CURA Healthcare Service/input_Username_username'

10-05-2024T17:41:54 - [TEST_STEP][PASSED] - setEncryptedText(findTestObject("Object Repository/Page_CURA Healthcare Service/input_Password_password"), "b/98lgFmTtuLvynNFOQHnA=="): Text ****** has been set on object 'Object Repository/Page_CURA Healthcare Service/input_Password_password'

10-05-2024T17:41:55 - [MESSAGE][PASSED] - Text ****** has been set on object 'Object Repository/Page_CURA Healthcare Service/input_Password_password'

10-05-2024T17:41:55 - [TEST_STEP][PASSED] - click(findTestObject("Object Repository/Page_CURA Healthcare Service/button_Login")): Object: 'Object Repository/Page_CURA Healthcare Service/button_Login' is clicked on

10-05-2024T17:41:58 - [MESSAGE][PASSED] - Object: 'Object Repository/Page_CURA Healthcare Service/button_Login' is clicked on

10-05-2024T17:41:58 - [TEST_STEP][PASSED] - click(findTestObject("Object Repository/Page_CURA Healthcare Service/div_Login                Please login to ma_d0c010")): Object: 'Object Repository/Page_CURA Healthcare Service/div_Login                Please login to ma_d0c010' is clicked on

10-05-2024T17:41:59 - [MESSAGE][PASSED] - Object: 'Object Repository/Page_CURA Healthcare Service/div_Login                Please login to ma_d0c010' is clicked on

10-05-2024T17:41:59 - [TEST_STEP][PASSED] - verifyElementVisible(findTestObject("Object Repository/Page_CURA Healthcare Service/p_Login failed Please ensure the username a_eb55b5")): Object 'Object Repository/Page_CURA Healthcare Service/p_Login failed Please ensure the username a_eb55b5' is visible

10-05-2024T17:42:01 - [MESSAGE][PASSED] - Object 'Object Repository/Page_CURA Healthcare Service/p_Login failed Please ensure the username a_eb55b5' is visible

10-05-2024T17:42:01 - [TEST_STEP][PASSED] - closeBrowser(): Browser is closed

10-05-2024T17:42:02 - [MESSAGE][PASSED] - Browser is closed]]></system-out>
         <system-err><![CDATA[]]></system-err>
      </testcase>
      <testcase name="Test Cases/Web_tests/LoginFail_User" time="74.696" classname="Test Cases/Web_tests/LoginFail_User" status="PASSED">
         <system-out><![CDATA[10-05-2024T17:42:02 - [TEST_CASE][PASSED] - Test Cases/Web_tests/LoginFail_User: Test Cases/Web_tests/LoginFail_User

10-05-2024T17:42:02 - [TEST_STEP][PASSED] - openBrowser(""): Browser is opened with url: ''

10-05-2024T17:42:02 - [MESSAGE][INFO] - User set preference: ['os', 'windows']

10-05-2024T17:42:02 - [MESSAGE][INFO] - User set preference: ['browserName', 'chrome']

10-05-2024T17:42:02 - [MESSAGE][INFO] - User set preference: ['browserVersion', '122']

10-05-2024T17:42:02 - [MESSAGE][INFO] - User set preference: ['katalon:option', '{organizationId=134738, tunnelId=, usingTunnel=false}']

10-05-2024T17:42:02 - [MESSAGE][INFO] - Connecting to remote web server 'testcloud.katalon.com/hub' with type 'Selenium'

10-05-2024T17:42:02 - [MESSAGE][INFO] - Action delay is set to 0 milliseconds

10-05-2024T17:43:03 - [MESSAGE][PASSED] - Browser is opened with url: ''

10-05-2024T17:43:03 - [TEST_STEP][PASSED] - navigateToUrl("https://katalon-demo-cura.herokuapp.com/"): Navigate to 'https://katalon-demo-cura.herokuapp.com/' successfully

10-05-2024T17:43:04 - [MESSAGE][PASSED] - Navigate to 'https://katalon-demo-cura.herokuapp.com/' successfully

10-05-2024T17:43:04 - [TEST_STEP][PASSED] - click(findTestObject("Object Repository/Page_CURA Healthcare Service/a_Make Appointment")): Object: 'Object Repository/Page_CURA Healthcare Service/a_Make Appointment' is clicked on

10-05-2024T17:43:06 - [MESSAGE][PASSED] - Object: 'Object Repository/Page_CURA Healthcare Service/a_Make Appointment' is clicked on

10-05-2024T17:43:06 - [TEST_STEP][PASSED] - setText(findTestObject("Object Repository/Page_CURA Healthcare Service/input_Username_username"), "mmo"): Text 'mmo' is set on object 'Object Repository/Page_CURA Healthcare Service/input_Username_username'

10-05-2024T17:43:09 - [MESSAGE][PASSED] - Text 'mmo' is set on object 'Object Repository/Page_CURA Healthcare Service/input_Username_username'

10-05-2024T17:43:09 - [TEST_STEP][PASSED] - setEncryptedText(findTestObject("Object Repository/Page_CURA Healthcare Service/input_Password_password"), "g3/DOGG74jC3Flrr3yH+3D/yKbOqqUNM"): Text ****** has been set on object 'Object Repository/Page_CURA Healthcare Service/input_Password_password'

10-05-2024T17:43:10 - [MESSAGE][PASSED] - Text ****** has been set on object 'Object Repository/Page_CURA Healthcare Service/input_Password_password'

10-05-2024T17:43:10 - [TEST_STEP][PASSED] - click(findTestObject("Object Repository/Page_CURA Healthcare Service/button_Login")): Object: 'Object Repository/Page_CURA Healthcare Service/button_Login' is clicked on

10-05-2024T17:43:13 - [MESSAGE][PASSED] - Object: 'Object Repository/Page_CURA Healthcare Service/button_Login' is clicked on

10-05-2024T17:43:13 - [TEST_STEP][PASSED] - click(findTestObject("Object Repository/Page_CURA Healthcare Service/p_Login failed Please ensure the username a_eb55b5")): Object: 'Object Repository/Page_CURA Healthcare Service/p_Login failed Please ensure the username a_eb55b5' is clicked on

10-05-2024T17:43:15 - [MESSAGE][PASSED] - Object: 'Object Repository/Page_CURA Healthcare Service/p_Login failed Please ensure the username a_eb55b5' is clicked on

10-05-2024T17:43:15 - [TEST_STEP][PASSED] - verifyElementVisible(findTestObject("Object Repository/Page_CURA Healthcare Service/p_Login failed Please ensure the username a_eb55b5")): Object 'Object Repository/Page_CURA Healthcare Service/p_Login failed Please ensure the username a_eb55b5' is visible

10-05-2024T17:43:16 - [MESSAGE][PASSED] - Object 'Object Repository/Page_CURA Healthcare Service/p_Login failed Please ensure the username a_eb55b5' is visible

10-05-2024T17:43:16 - [TEST_STEP][PASSED] - closeBrowser(): Browser is closed

10-05-2024T17:43:17 - [MESSAGE][PASSED] - Browser is closed]]></system-out>
         <system-err><![CDATA[]]></system-err>
      </testcase>
      <system-out><![CDATA[10-05-2024T17:40:06 - [TEST_SUITE][PASSED] - Login: Test Cases/Web_tests/LoginFail_User]]></system-out>
      <system-err><![CDATA[]]></system-err>
   </testsuite>
   <testsuite name="MakeAnAppointment" tests="2" failures="0" errors="0" time="125.351" skipped="0" timestamp="10-05-2024T17:40:08" hostname="momoussaoui - CAW2204108.ca.deloitte.com" id="Test Suites/MakeAnAppointment">
      <properties>
[...]
</properties>
      <testcase name="Test Cases/Web_tests/MakeAnAppointment" time="39.159" classname="Test Cases/Web_tests/MakeAnAppointment" status="PASSED">
         <system-out><![CDATA[10-05-2024T17:40:08 - [TEST_CASE][PASSED] - Test Cases/Web_tests/MakeAnAppointment: Test Cases/Web_tests/MakeAnAppointment

10-05-2024T17:40:08 - [TEST_STEP][PASSED] - example.MyKeyWords.AppLogin(): example.MyKeyWords.AppLogin is PASSED

10-05-2024T17:40:09 - [MESSAGE][INFO] - User set preference: ['os', 'macos']

10-05-2024T17:40:09 - [MESSAGE][INFO] - User set preference: ['browserName', 'safari']

10-05-2024T17:40:09 - [MESSAGE][INFO] - User set preference: ['browserVersion', '17']

10-05-2024T17:40:09 - [MESSAGE][INFO] - User set preference: ['katalon:option', '{organizationId=134738, tunnelId=, usingTunnel=false}']

10-05-2024T17:40:09 - [MESSAGE][INFO] - Connecting to remote web server 'testcloud.katalon.com/hub' with type 'Selenium'

10-05-2024T17:40:09 - [MESSAGE][INFO] - Action delay is set to 0 milliseconds

10-05-2024T17:40:35 - [MESSAGE][PASSED] - Browser is opened with url: ''

10-05-2024T17:40:35 - [MESSAGE][PASSED] - Navigate to 'https://katalon-demo-cura.herokuapp.com/' successfully

10-05-2024T17:40:36 - [MESSAGE][PASSED] - Object: 'Object Repository/Page_CURA Healthcare Service/a_Make Appointment' is clicked on

10-05-2024T17:40:38 - [MESSAGE][PASSED] - Text 'John Doe' is set on object 'Object Repository/Page_CURA Healthcare Service/input_Username_username'

10-05-2024T17:40:39 - [MESSAGE][PASSED] - Text ****** has been set on object 'Object Repository/Page_CURA Healthcare Service/input_Password_password'

10-05-2024T17:40:40 - [MESSAGE][PASSED] - Object: 'Object Repository/Page_CURA Healthcare Service/button_Login' is clicked on

10-05-2024T17:40:40 - [MESSAGE][PASSED] - example.MyKeyWords.AppLogin is PASSED

10-05-2024T17:40:40 - [TEST_STEP][PASSED] - click(findTestObject("Object Repository/Page_CURA Healthcare Service/div_Visit Date (Required)_input-group-addon")): Object: 'Object Repository/Page_CURA Healthcare Service/div_Visit Date (Required)_input-group-addon' is clicked on

10-05-2024T17:40:41 - [MESSAGE][PASSED] - Object: 'Object Repository/Page_CURA Healthcare Service/div_Visit Date (Required)_input-group-addon' is clicked on

10-05-2024T17:40:41 - [TEST_STEP][PASSED] - click(findTestObject("Object Repository/Page_CURA Healthcare Service/td_29")): Object: 'Object Repository/Page_CURA Healthcare Service/td_29' is clicked on

10-05-2024T17:40:42 - [MESSAGE][PASSED] - Object: 'Object Repository/Page_CURA Healthcare Service/td_29' is clicked on

10-05-2024T17:40:42 - [TEST_STEP][PASSED] - setText(findTestObject("Object Repository/Page_CURA Healthcare Service/textarea_Comment_comment"), "rdv"): Text 'rdv' is set on object 'Object Repository/Page_CURA Healthcare Service/textarea_Comment_comment'

10-05-2024T17:40:44 - [MESSAGE][PASSED] - Text 'rdv' is set on object 'Object Repository/Page_CURA Healthcare Service/textarea_Comment_comment'

10-05-2024T17:40:44 - [TEST_STEP][PASSED] - click(findTestObject("Object Repository/Page_CURA Healthcare Service/button_Book Appointment")): Object: 'Object Repository/Page_CURA Healthcare Service/button_Book Appointment' is clicked on

10-05-2024T17:40:45 - [MESSAGE][PASSED] - Object: 'Object Repository/Page_CURA Healthcare Service/button_Book Appointment' is clicked on

10-05-2024T17:40:45 - [TEST_STEP][PASSED] - click(findTestObject("Object Repository/Page_CURA Healthcare Service/p_rdv")): Object: 'Object Repository/Page_CURA Healthcare Service/p_rdv' is clicked on

10-05-2024T17:40:45 - [MESSAGE][PASSED] - Object: 'Object Repository/Page_CURA Healthcare Service/p_rdv' is clicked on

10-05-2024T17:40:45 - [TEST_STEP][PASSED] - verifyElementVisible(findTestObject("Object Repository/Page_CURA Healthcare Service/p_Medicare")): Object 'Object Repository/Page_CURA Healthcare Service/p_Medicare' is visible

10-05-2024T17:40:46 - [MESSAGE][PASSED] - Object 'Object Repository/Page_CURA Healthcare Service/p_Medicare' is visible

10-05-2024T17:40:46 - [TEST_STEP][PASSED] - closeBrowser(): Browser is closed

10-05-2024T17:40:47 - [MESSAGE][PASSED] - Browser is closed]]></system-out>
         <system-err><![CDATA[]]></system-err>
      </testcase>
      <testcase name="Test Cases/Web_tests/Loop" time="85.954" classname="Test Cases/Web_tests/Loop" status="PASSED">
         <system-out><![CDATA[10-05-2024T17:40:47 - [TEST_CASE][PASSED] - Test Cases/Web_tests/Loop: Test Cases/Web_tests/Loop

10-05-2024T17:40:47 - [TEST_STEP][PASSED] - example.MyKeyWords.AppLogin(): example.MyKeyWords.AppLogin is PASSED

10-05-2024T17:40:47 - [MESSAGE][INFO] - User set preference: ['os', 'macos']

10-05-2024T17:40:47 - [MESSAGE][INFO] - User set preference: ['browserName', 'safari']

10-05-2024T17:40:47 - [MESSAGE][INFO] - User set preference: ['browserVersion', '17']

10-05-2024T17:40:47 - [MESSAGE][INFO] - User set preference: ['katalon:option', '{organizationId=134738, tunnelId=, usingTunnel=false}']

10-05-2024T17:40:47 - [MESSAGE][INFO] - Connecting to remote web server 'testcloud.katalon.com/hub' with type 'Selenium'

10-05-2024T17:40:47 - [MESSAGE][INFO] - Action delay is set to 0 milliseconds

10-05-2024T17:41:47 - [MESSAGE][PASSED] - Browser is opened with url: ''

10-05-2024T17:41:48 - [MESSAGE][PASSED] - Navigate to 'https://katalon-demo-cura.herokuapp.com/' successfully

10-05-2024T17:41:49 - [MESSAGE][PASSED] - Object: 'Object Repository/Page_CURA Healthcare Service/a_Make Appointment' is clicked on

10-05-2024T17:41:50 - [MESSAGE][PASSED] - Text 'John Doe' is set on object 'Object Repository/Page_CURA Healthcare Service/input_Username_username'

10-05-2024T17:41:51 - [MESSAGE][PASSED] - Text ****** has been set on object 'Object Repository/Page_CURA Healthcare Service/input_Password_password'

10-05-2024T17:41:52 - [MESSAGE][PASSED] - Object: 'Object Repository/Page_CURA Healthcare Service/button_Login' is clicked on

10-05-2024T17:41:52 - [MESSAGE][PASSED] - example.MyKeyWords.AppLogin is PASSED

10-05-2024T17:41:52 - [TEST_STEP][PASSED] - for (def n : (0..2)): Object: 'Object Repository/Page_CURA Healthcare Service/p_Go to Homepage' is clicked on

10-05-2024T17:41:52 - [TEST_STEP][PASSED] - if (n == 0): Object: 'Object Repository/Page_CURA Healthcare Service/label_Medicaid' is clicked on

10-05-2024T17:41:52 - [TEST_STEP][PASSED] - click(findTestObject("Page_CURA Healthcare Service/label_Medicaid")): Object: 'Object Repository/Page_CURA Healthcare Service/label_Medicaid' is clicked on

10-05-2024T17:41:53 - [MESSAGE][PASSED] - Object: 'Object Repository/Page_CURA Healthcare Service/label_Medicaid' is clicked on

10-05-2024T17:41:53 - [TEST_STEP][PASSED] - click(findTestObject("Object Repository/Page_CURA Healthcare Service/div_Visit Date (Required)_input-group-addon")): Object: 'Object Repository/Page_CURA Healthcare Service/div_Visit Date (Required)_input-group-addon' is clicked on

10-05-2024T17:41:53 - [MESSAGE][PASSED] - Object: 'Object Repository/Page_CURA Healthcare Service/div_Visit Date (Required)_input-group-addon' is clicked on

10-05-2024T17:41:53 - [TEST_STEP][PASSED] - click(findTestObject("Object Repository/Page_CURA Healthcare Service/td_29")): Object: 'Object Repository/Page_CURA Healthcare Service/td_29' is clicked on

10-05-2024T17:41:54 - [MESSAGE][PASSED] - Object: 'Object Repository/Page_CURA Healthcare Service/td_29' is clicked on

10-05-2024T17:41:54 - [TEST_STEP][PASSED] - setText(findTestObject("Object Repository/Page_CURA Healthcare Service/textarea_Comment_comment"), "rdv"): Text 'rdv' is set on object 'Object Repository/Page_CURA Healthcare Service/textarea_Comment_comment'

10-05-2024T17:41:56 - [MESSAGE][PASSED] - Text 'rdv' is set on object 'Object Repository/Page_CURA Healthcare Service/textarea_Comment_comment'

10-05-2024T17:41:56 - [TEST_STEP][PASSED] - click(findTestObject("Object Repository/Page_CURA Healthcare Service/button_Book Appointment")): Object: 'Object Repository/Page_CURA Healthcare Service/button_Book Appointment' is clicked on

10-05-2024T17:41:57 - [MESSAGE][PASSED] - Object: 'Object Repository/Page_CURA Healthcare Service/button_Book Appointment' is clicked on

10-05-2024T17:41:57 - [TEST_STEP][PASSED] - click(findTestObject("Object Repository/Page_CURA Healthcare Service/p_rdv")): Object: 'Object Repository/Page_CURA Healthcare Service/p_rdv' is clicked on

10-05-2024T17:41:57 - [MESSAGE][PASSED] - Object: 'Object Repository/Page_CURA Healthcare Service/p_rdv' is clicked on

10-05-2024T17:41:57 - [TEST_STEP][PASSED] - verifyElementVisible(findTestObject("Object Repository/Page_CURA Healthcare Service/p_Medicare")): Object 'Object Repository/Page_CURA Healthcare Service/p_Medicare' is visible

10-05-2024T17:41:58 - [MESSAGE][PASSED] - Object 'Object Repository/Page_CURA Healthcare Service/p_Medicare' is visible

10-05-2024T17:41:58 - [TEST_STEP][PASSED] - click(findTestObject("Page_CURA Healthcare Service/p_Go to Homepage")): Object: 'Object Repository/Page_CURA Healthcare Service/p_Go to Homepage' is clicked on

10-05-2024T17:41:59 - [MESSAGE][PASSED] - Object: 'Object Repository/Page_CURA Healthcare Service/p_Go to Homepage' is clicked on

10-05-2024T17:41:59 - [TEST_STEP][PASSED] - if (n == 0): null

10-05-2024T17:41:59 - [TEST_STEP][PASSED] - else if (n == 1): Object: 'Object Repository/Page_CURA Healthcare Service/label_Medicare' is clicked on

10-05-2024T17:41:59 - [TEST_STEP][PASSED] - click(findTestObject("Page_CURA Healthcare Service/label_Medicare")): Object: 'Object Repository/Page_CURA Healthcare Service/label_Medicare' is clicked on

10-05-2024T17:41:59 - [MESSAGE][PASSED] - Object: 'Object Repository/Page_CURA Healthcare Service/label_Medicare' is clicked on

10-05-2024T17:41:59 - [TEST_STEP][PASSED] - click(findTestObject("Object Repository/Page_CURA Healthcare Service/div_Visit Date (Required)_input-group-addon")): Object: 'Object Repository/Page_CURA Healthcare Service/div_Visit Date (Required)_input-group-addon' is clicked on

10-05-2024T17:42:00 - [MESSAGE][PASSED] - Object: 'Object Repository/Page_CURA Healthcare Service/div_Visit Date (Required)_input-group-addon' is clicked on

10-05-2024T17:42:00 - [TEST_STEP][PASSED] - click(findTestObject("Object Repository/Page_CURA Healthcare Service/td_29")): Object: 'Object Repository/Page_CURA Healthcare Service/td_29' is clicked on

10-05-2024T17:42:01 - [MESSAGE][PASSED] - Object: 'Object Repository/Page_CURA Healthcare Service/td_29' is clicked on

10-05-2024T17:42:01 - [TEST_STEP][PASSED] - setText(findTestObject("Object Repository/Page_CURA Healthcare Service/textarea_Comment_comment"), "rdv"): Text 'rdv' is set on object 'Object Repository/Page_CURA Healthcare Service/textarea_Comment_comment'

10-05-2024T17:42:03 - [MESSAGE][PASSED] - Text 'rdv' is set on object 'Object Repository/Page_CURA Healthcare Service/textarea_Comment_comment'

10-05-2024T17:42:03 - [TEST_STEP][PASSED] - click(findTestObject("Object Repository/Page_CURA Healthcare Service/button_Book Appointment")): Object: 'Object Repository/Page_CURA Healthcare Service/button_Book Appointment' is clicked on

10-05-2024T17:42:03 - [MESSAGE][PASSED] - Object: 'Object Repository/Page_CURA Healthcare Service/button_Book Appointment' is clicked on

10-05-2024T17:42:03 - [TEST_STEP][PASSED] - click(findTestObject("Object Repository/Page_CURA Healthcare Service/p_rdv")): Object: 'Object Repository/Page_CURA Healthcare Service/p_rdv' is clicked on

10-05-2024T17:42:04 - [MESSAGE][PASSED] - Object: 'Object Repository/Page_CURA Healthcare Service/p_rdv' is clicked on

10-05-2024T17:42:04 - [TEST_STEP][PASSED] - verifyElementVisible(findTestObject("Object Repository/Page_CURA Healthcare Service/p_Medicare")): Object 'Object Repository/Page_CURA Healthcare Service/p_Medicare' is visible

10-05-2024T17:42:05 - [MESSAGE][PASSED] - Object 'Object Repository/Page_CURA Healthcare Service/p_Medicare' is visible

10-05-2024T17:42:05 - [TEST_STEP][PASSED] - click(findTestObject("Page_CURA Healthcare Service/p_Go to Homepage")): Object: 'Object Repository/Page_CURA Healthcare Service/p_Go to Homepage' is clicked on

10-05-2024T17:42:05 - [MESSAGE][PASSED] - Object: 'Object Repository/Page_CURA Healthcare Service/p_Go to Homepage' is clicked on

10-05-2024T17:42:05 - [TEST_STEP][PASSED] - if (n == 0): null

10-05-2024T17:42:05 - [TEST_STEP][PASSED] - else if (n == 1): null

10-05-2024T17:42:05 - [TEST_STEP][PASSED] - else: Object: 'Object Repository/Page_CURA Healthcare Service/label_None' is clicked on

10-05-2024T17:42:05 - [TEST_STEP][PASSED] - click(findTestObject("Page_CURA Healthcare Service/label_None")): Object: 'Object Repository/Page_CURA Healthcare Service/label_None' is clicked on

10-05-2024T17:42:06 - [MESSAGE][PASSED] - Object: 'Object Repository/Page_CURA Healthcare Service/label_None' is clicked on

10-05-2024T17:42:06 - [TEST_STEP][PASSED] - click(findTestObject("Object Repository/Page_CURA Healthcare Service/div_Visit Date (Required)_input-group-addon")): Object: 'Object Repository/Page_CURA Healthcare Service/div_Visit Date (Required)_input-group-addon' is clicked on

10-05-2024T17:42:07 - [MESSAGE][PASSED] - Object: 'Object Repository/Page_CURA Healthcare Service/div_Visit Date (Required)_input-group-addon' is clicked on

10-05-2024T17:42:07 - [TEST_STEP][PASSED] - click(findTestObject("Object Repository/Page_CURA Healthcare Service/td_29")): Object: 'Object Repository/Page_CURA Healthcare Service/td_29' is clicked on

10-05-2024T17:42:07 - [MESSAGE][PASSED] - Object: 'Object Repository/Page_CURA Healthcare Service/td_29' is clicked on

10-05-2024T17:42:07 - [TEST_STEP][PASSED] - setText(findTestObject("Object Repository/Page_CURA Healthcare Service/textarea_Comment_comment"), "rdv"): Text 'rdv' is set on object 'Object Repository/Page_CURA Healthcare Service/textarea_Comment_comment'

10-05-2024T17:42:09 - [MESSAGE][PASSED] - Text 'rdv' is set on object 'Object Repository/Page_CURA Healthcare Service/textarea_Comment_comment'

10-05-2024T17:42:09 - [TEST_STEP][PASSED] - click(findTestObject("Object Repository/Page_CURA Healthcare Service/button_Book Appointment")): Object: 'Object Repository/Page_CURA Healthcare Service/button_Book Appointment' is clicked on

10-05-2024T17:42:10 - [MESSAGE][PASSED] - Object: 'Object Repository/Page_CURA Healthcare Service/button_Book Appointment' is clicked on

10-05-2024T17:42:10 - [TEST_STEP][PASSED] - click(findTestObject("Object Repository/Page_CURA Healthcare Service/p_rdv")): Object: 'Object Repository/Page_CURA Healthcare Service/p_rdv' is clicked on

10-05-2024T17:42:10 - [MESSAGE][PASSED] - Object: 'Object Repository/Page_CURA Healthcare Service/p_rdv' is clicked on

10-05-2024T17:42:10 - [TEST_STEP][PASSED] - verifyElementVisible(findTestObject("Object Repository/Page_CURA Healthcare Service/p_Medicare")): Object 'Object Repository/Page_CURA Healthcare Service/p_Medicare' is visible

10-05-2024T17:42:11 - [MESSAGE][PASSED] - Object 'Object Repository/Page_CURA Healthcare Service/p_Medicare' is visible

10-05-2024T17:42:11 - [TEST_STEP][PASSED] - click(findTestObject("Page_CURA Healthcare Service/p_Go to Homepage")): Object: 'Object Repository/Page_CURA Healthcare Service/p_Go to Homepage' is clicked on

10-05-2024T17:42:12 - [MESSAGE][PASSED] - Object: 'Object Repository/Page_CURA Healthcare Service/p_Go to Homepage' is clicked on

10-05-2024T17:42:12 - [TEST_STEP][PASSED] - closeBrowser(): Browser is closed

10-05-2024T17:42:13 - [MESSAGE][PASSED] - Browser is closed]]></system-out>
         <system-err><![CDATA[]]></system-err>
      </testcase>
      <system-out><![CDATA[10-05-2024T17:40:08 - [TEST_SUITE][PASSED] - MakeAnAppointment: Test Cases/Web_tests/Loop]]></system-out>
      <system-err><![CDATA[]]></system-err>
   </testsuite>
</testsuites>
